-- Install configuration: ""
-- Up-to-date: /home/rajitha-niroshan/FYP/Repos/rl-aerial-manipulator/Manipulator/install/manipulator_description/share/manipulator_description/urdf
-- Up-to-date: /home/rajitha-niroshan/FYP/Repos/rl-aerial-manipulator/Manipulator/install/manipulator_description/share/manipulator_description/urdf/manipulator.urdf.xacro
-- Up-to-date: /home/rajitha-niroshan/FYP/Repos/rl-aerial-manipulator/Manipulator/install/manipulator_description/share/manipulator_description/launch
-- Up-to-date: /home/rajitha-niroshan/FYP/Repos/rl-aerial-manipulator/Manipulator/install/manipulator_description/share/manipulator_description/launch/gazebo.launch.py
-- Up-to-date: /home/rajitha-niroshan/FYP/Repos/rl-aerial-manipulator/Manipulator/install/manipulator_description/share/manipulator_description/launch/display.launch.py
-- Up-to-date: /home/rajitha-niroshan/FYP/Repos/rl-aerial-manipulator/Manipulator/install/manipulator_description/share/manipulator_description/rviz
-- Up-to-date: /home/rajitha-niroshan/FYP/Repos/rl-aerial-manipulator/Manipulator/install/manipulator_description/share/manipulator_description/rviz/display.rviz
-- Up-to-date: /home/rajitha-niroshan/FYP/Repos/rl-aerial-manipulator/Manipulator/install/manipulator_description/share/ament_index/resource_index/package_run_dependencies/manipulator_description
-- Up-to-date: /home/rajitha-niroshan/FYP/Repos/rl-aerial-manipulator/Manipulator/install/manipulator_description/share/ament_index/resource_index/parent_prefix_path/manipulator_description
-- Up-to-date: /home/rajitha-niroshan/FYP/Repos/rl-aerial-manipulator/Manipulator/install/manipulator_description/share/manipulator_description/environment/ament_prefix_path.sh
-- Up-to-date: /home/rajitha-niroshan/FYP/Repos/rl-aerial-manipulator/Manipulator/install/manipulator_description/share/manipulator_description/environment/ament_prefix_path.dsv
-- Up-to-date: /home/rajitha-niroshan/FYP/Repos/rl-aerial-manipulator/Manipulator/install/manipulator_description/share/manipulator_description/environment/path.sh
-- Up-to-date: /home/rajitha-niroshan/FYP/Repos/rl-aerial-manipulator/Manipulator/install/manipulator_description/share/manipulator_description/environment/path.dsv
-- Up-to-date: /home/rajitha-niroshan/FYP/Repos/rl-aerial-manipulator/Manipulator/install/manipulator_description/share/manipulator_description/local_setup.bash
-- Up-to-date: /home/rajitha-niroshan/FYP/Repos/rl-aerial-manipulator/Manipulator/install/manipulator_description/share/manipulator_description/local_setup.sh
-- Up-to-date: /home/rajitha-niroshan/FYP/Repos/rl-aerial-manipulator/Manipulator/install/manipulator_description/share/manipulator_description/local_setup.zsh
-- Up-to-date: /home/rajitha-niroshan/FYP/Repos/rl-aerial-manipulator/Manipulator/install/manipulator_description/share/manipulator_description/local_setup.dsv
-- Installing: /home/rajitha-niroshan/FYP/Repos/rl-aerial-manipulator/Manipulator/install/manipulator_description/share/manipulator_description/package.dsv
-- Up-to-date: /home/rajitha-niroshan/FYP/Repos/rl-aerial-manipulator/Manipulator/install/manipulator_description/share/ament_index/resource_index/packages/manipulator_description
-- Up-to-date: /home/rajitha-niroshan/FYP/Repos/rl-aerial-manipulator/Manipulator/install/manipulator_description/share/manipulator_description/cmake/manipulator_descriptionConfig.cmake
-- Up-to-date: /home/rajitha-niroshan/FYP/Repos/rl-aerial-manipulator/Manipulator/install/manipulator_description/share/manipulator_description/cmake/manipulator_descriptionConfig-version.cmake
-- Up-to-date: /home/rajitha-niroshan/FYP/Repos/rl-aerial-manipulator/Manipulator/install/manipulator_description/share/manipulator_description/package.xml
