[0.008s] Invoking command in '/home/rajitha-niroshan/FYP/Repos/rl-aerial-manipulator/Manipulator/build/manipulator_description': CMAKE_PREFIX_PATH=${CMAKE_PREFIX_PATH}:/opt/ros/jazzy DEBUGINFOD_URLS=https://debuginfod.ubuntu.com /usr/bin/cmake --build /home/rajitha-niroshan/FYP/Repos/rl-aerial-manipulator/Manipulator/build/manipulator_description -- -j8 -l8
[0.037s] Invoked command in '/home/rajitha-niroshan/FYP/Repos/rl-aerial-manipulator/Manipulator/build/manipulator_description' returned '0': CMAKE_PREFIX_PATH=${CMAKE_PREFIX_PATH}:/opt/ros/jazzy DEBUGINFOD_URLS=https://debuginfod.ubuntu.com /usr/bin/cmake --build /home/rajitha-niroshan/FYP/Repos/rl-aerial-manipulator/Manipulator/build/manipulator_description -- -j8 -l8
[0.045s] Invoking command in '/home/rajitha-niroshan/FYP/Repos/rl-aerial-manipulator/Manipulator/build/manipulator_description': CMAKE_PREFIX_PATH=${CMAKE_PREFIX_PATH}:/opt/ros/jazzy DEBUGINFOD_URLS=https://debuginfod.ubuntu.com /usr/bin/cmake --install /home/rajitha-niroshan/FYP/Repos/rl-aerial-manipulator/Manipulator/build/manipulator_description
[0.051s] -- Install configuration: ""
[0.051s] -- Up-to-date: /home/rajitha-niroshan/FYP/Repos/rl-aerial-manipulator/Manipulator/install/manipulator_description/share/manipulator_description/urdf
[0.051s] -- Installing: /home/rajitha-niroshan/FYP/Repos/rl-aerial-manipulator/Manipulator/install/manipulator_description/share/manipulator_description/urdf/manipulator.urdf.xacro
[0.051s] -- Up-to-date: /home/rajitha-niroshan/FYP/Repos/rl-aerial-manipulator/Manipulator/install/manipulator_description/share/manipulator_description/launch
[0.051s] -- Up-to-date: /home/rajitha-niroshan/FYP/Repos/rl-aerial-manipulator/Manipulator/install/manipulator_description/share/manipulator_description/launch/gazebo.launch.py
[0.051s] -- Up-to-date: /home/rajitha-niroshan/FYP/Repos/rl-aerial-manipulator/Manipulator/install/manipulator_description/share/manipulator_description/launch/display.launch.py
[0.051s] -- Up-to-date: /home/rajitha-niroshan/FYP/Repos/rl-aerial-manipulator/Manipulator/install/manipulator_description/share/manipulator_description/rviz
[0.051s] -- Up-to-date: /home/rajitha-niroshan/FYP/Repos/rl-aerial-manipulator/Manipulator/install/manipulator_description/share/manipulator_description/rviz/display.rviz
[0.051s] -- Up-to-date: /home/rajitha-niroshan/FYP/Repos/rl-aerial-manipulator/Manipulator/install/manipulator_description/share/ament_index/resource_index/package_run_dependencies/manipulator_description
[0.051s] -- Up-to-date: /home/rajitha-niroshan/FYP/Repos/rl-aerial-manipulator/Manipulator/install/manipulator_description/share/ament_index/resource_index/parent_prefix_path/manipulator_description
[0.052s] -- Up-to-date: /home/rajitha-niroshan/FYP/Repos/rl-aerial-manipulator/Manipulator/install/manipulator_description/share/manipulator_description/environment/ament_prefix_path.sh
[0.052s] -- Up-to-date: /home/rajitha-niroshan/FYP/Repos/rl-aerial-manipulator/Manipulator/install/manipulator_description/share/manipulator_description/environment/ament_prefix_path.dsv
[0.052s] -- Up-to-date: /home/rajitha-niroshan/FYP/Repos/rl-aerial-manipulator/Manipulator/install/manipulator_description/share/manipulator_description/environment/path.sh
[0.052s] -- Up-to-date: /home/rajitha-niroshan/FYP/Repos/rl-aerial-manipulator/Manipulator/install/manipulator_description/share/manipulator_description/environment/path.dsv
[0.052s] -- Up-to-date: /home/rajitha-niroshan/FYP/Repos/rl-aerial-manipulator/Manipulator/install/manipulator_description/share/manipulator_description/local_setup.bash
[0.052s] -- Up-to-date: /home/rajitha-niroshan/FYP/Repos/rl-aerial-manipulator/Manipulator/install/manipulator_description/share/manipulator_description/local_setup.sh
[0.052s] -- Up-to-date: /home/rajitha-niroshan/FYP/Repos/rl-aerial-manipulator/Manipulator/install/manipulator_description/share/manipulator_description/local_setup.zsh
[0.052s] -- Up-to-date: /home/rajitha-niroshan/FYP/Repos/rl-aerial-manipulator/Manipulator/install/manipulator_description/share/manipulator_description/local_setup.dsv
[0.052s] -- Installing: /home/rajitha-niroshan/FYP/Repos/rl-aerial-manipulator/Manipulator/install/manipulator_description/share/manipulator_description/package.dsv
[0.052s] -- Up-to-date: /home/rajitha-niroshan/FYP/Repos/rl-aerial-manipulator/Manipulator/install/manipulator_description/share/ament_index/resource_index/packages/manipulator_description
[0.052s] -- Up-to-date: /home/rajitha-niroshan/FYP/Repos/rl-aerial-manipulator/Manipulator/install/manipulator_description/share/manipulator_description/cmake/manipulator_descriptionConfig.cmake
[0.052s] -- Up-to-date: /home/rajitha-niroshan/FYP/Repos/rl-aerial-manipulator/Manipulator/install/manipulator_description/share/manipulator_description/cmake/manipulator_descriptionConfig-version.cmake
[0.052s] -- Up-to-date: /home/rajitha-niroshan/FYP/Repos/rl-aerial-manipulator/Manipulator/install/manipulator_description/share/manipulator_description/package.xml
[0.053s] Invoked command in '/home/rajitha-niroshan/FYP/Repos/rl-aerial-manipulator/Manipulator/build/manipulator_description' returned '0': CMAKE_PREFIX_PATH=${CMAKE_PREFIX_PATH}:/opt/ros/jazzy DEBUGINFOD_URLS=https://debuginfod.ubuntu.com /usr/bin/cmake --install /home/rajitha-niroshan/FYP/Repos/rl-aerial-manipulator/Manipulator/build/manipulator_description
