[0.008s] Invoking command in '/home/rajitha-niroshan/FYP/Repos/rl-aerial-manipulator/Manipulator/build/manipulator_description': CMAKE_PREFIX_PATH=${CMAKE_PREFIX_PATH}:/opt/ros/jazzy DEBUGINFOD_URLS=https://debuginfod.ubuntu.com /usr/bin/cmake --build /home/rajitha-niroshan/FYP/Repos/rl-aerial-manipulator/Manipulator/build/manipulator_description -- -j8 -l8
[0.026s] -- Found ament_cmake: 2.5.4 (/opt/ros/jazzy/share/ament_cmake/cmake)
[0.180s] -- Found ament_lint_auto: 0.17.3 (/opt/ros/jazzy/share/ament_lint_auto/cmake)
[0.243s] -- Added test 'flake8' to check Python code syntax and style conventions
[0.243s] -- Configured 'flake8' exclude dirs and/or files: 
[0.243s] -- Added test 'lint_cmake' to check CMake code style
[0.244s] -- Added test 'pep257' to check Python code against some of the docstring style conventions in PEP 257
[0.245s] -- Added test 'xmllint' to check XML markup files
[0.245s] -- Configuring done (0.2s)
[0.247s] -- Generating done (0.0s)
[0.248s] -- Build files have been written to: /home/rajitha-niroshan/FYP/Repos/rl-aerial-manipulator/Manipulator/build/manipulator_description
[0.264s] Invoked command in '/home/rajitha-niroshan/FYP/Repos/rl-aerial-manipulator/Manipulator/build/manipulator_description' returned '0': CMAKE_PREFIX_PATH=${CMAKE_PREFIX_PATH}:/opt/ros/jazzy DEBUGINFOD_URLS=https://debuginfod.ubuntu.com /usr/bin/cmake --build /home/rajitha-niroshan/FYP/Repos/rl-aerial-manipulator/Manipulator/build/manipulator_description -- -j8 -l8
[0.271s] Invoking command in '/home/rajitha-niroshan/FYP/Repos/rl-aerial-manipulator/Manipulator/build/manipulator_description': CMAKE_PREFIX_PATH=${CMAKE_PREFIX_PATH}:/opt/ros/jazzy DEBUGINFOD_URLS=https://debuginfod.ubuntu.com /usr/bin/cmake --install /home/rajitha-niroshan/FYP/Repos/rl-aerial-manipulator/Manipulator/build/manipulator_description
[0.277s] -- Install configuration: ""
[0.277s] -- Installing: /home/rajitha-niroshan/FYP/Repos/rl-aerial-manipulator/Manipulator/install/manipulator_description/share/manipulator_description/urdf
[0.278s] -- Installing: /home/rajitha-niroshan/FYP/Repos/rl-aerial-manipulator/Manipulator/install/manipulator_description/share/manipulator_description/urdf/manipulator.urdf.xacro
[0.278s] -- Installing: /home/rajitha-niroshan/FYP/Repos/rl-aerial-manipulator/Manipulator/install/manipulator_description/share/manipulator_description/launch
[0.278s] -- Installing: /home/rajitha-niroshan/FYP/Repos/rl-aerial-manipulator/Manipulator/install/manipulator_description/share/manipulator_description/launch/display.launch.py
[0.278s] -- Installing: /home/rajitha-niroshan/FYP/Repos/rl-aerial-manipulator/Manipulator/install/manipulator_description/share/manipulator_description/rviz
[0.278s] -- Installing: /home/rajitha-niroshan/FYP/Repos/rl-aerial-manipulator/Manipulator/install/manipulator_description/share/manipulator_description/rviz/display.rviz
[0.278s] -- Installing: /home/rajitha-niroshan/FYP/Repos/rl-aerial-manipulator/Manipulator/install/manipulator_description/share/ament_index/resource_index/package_run_dependencies/manipulator_description
[0.278s] -- Up-to-date: /home/rajitha-niroshan/FYP/Repos/rl-aerial-manipulator/Manipulator/install/manipulator_description/share/ament_index/resource_index/parent_prefix_path/manipulator_description
[0.278s] -- Up-to-date: /home/rajitha-niroshan/FYP/Repos/rl-aerial-manipulator/Manipulator/install/manipulator_description/share/manipulator_description/environment/ament_prefix_path.sh
[0.278s] -- Up-to-date: /home/rajitha-niroshan/FYP/Repos/rl-aerial-manipulator/Manipulator/install/manipulator_description/share/manipulator_description/environment/ament_prefix_path.dsv
[0.278s] -- Up-to-date: /home/rajitha-niroshan/FYP/Repos/rl-aerial-manipulator/Manipulator/install/manipulator_description/share/manipulator_description/environment/path.sh
[0.278s] -- Up-to-date: /home/rajitha-niroshan/FYP/Repos/rl-aerial-manipulator/Manipulator/install/manipulator_description/share/manipulator_description/environment/path.dsv
[0.278s] -- Up-to-date: /home/rajitha-niroshan/FYP/Repos/rl-aerial-manipulator/Manipulator/install/manipulator_description/share/manipulator_description/local_setup.bash
[0.278s] -- Up-to-date: /home/rajitha-niroshan/FYP/Repos/rl-aerial-manipulator/Manipulator/install/manipulator_description/share/manipulator_description/local_setup.sh
[0.278s] -- Up-to-date: /home/rajitha-niroshan/FYP/Repos/rl-aerial-manipulator/Manipulator/install/manipulator_description/share/manipulator_description/local_setup.zsh
[0.278s] -- Up-to-date: /home/rajitha-niroshan/FYP/Repos/rl-aerial-manipulator/Manipulator/install/manipulator_description/share/manipulator_description/local_setup.dsv
[0.278s] -- Up-to-date: /home/rajitha-niroshan/FYP/Repos/rl-aerial-manipulator/Manipulator/install/manipulator_description/share/manipulator_description/package.dsv
[0.279s] -- Up-to-date: /home/rajitha-niroshan/FYP/Repos/rl-aerial-manipulator/Manipulator/install/manipulator_description/share/ament_index/resource_index/packages/manipulator_description
[0.279s] -- Up-to-date: /home/rajitha-niroshan/FYP/Repos/rl-aerial-manipulator/Manipulator/install/manipulator_description/share/manipulator_description/cmake/manipulator_descriptionConfig.cmake
[0.279s] -- Up-to-date: /home/rajitha-niroshan/FYP/Repos/rl-aerial-manipulator/Manipulator/install/manipulator_description/share/manipulator_description/cmake/manipulator_descriptionConfig-version.cmake
[0.279s] -- Installing: /home/rajitha-niroshan/FYP/Repos/rl-aerial-manipulator/Manipulator/install/manipulator_description/share/manipulator_description/package.xml
[0.279s] Invoked command in '/home/rajitha-niroshan/FYP/Repos/rl-aerial-manipulator/Manipulator/build/manipulator_description' returned '0': CMAKE_PREFIX_PATH=${CMAKE_PREFIX_PATH}:/opt/ros/jazzy DEBUGINFOD_URLS=https://debuginfod.ubuntu.com /usr/bin/cmake --install /home/rajitha-niroshan/FYP/Repos/rl-aerial-manipulator/Manipulator/build/manipulator_description
