[0.007s] Invoking command in '/home/rajitha-niroshan/FYP/Repos/rl-aerial-manipulator/Manipulator/build/manipulator_description': CMAKE_PREFIX_PATH=${CMAKE_PREFIX_PATH}:/opt/ros/jazzy DEBUGINFOD_URLS=https://debuginfod.ubuntu.com /usr/bin/cmake /home/rajitha-niroshan/FYP/Repos/rl-aerial-manipulator/Manipulator/src/manipulator_description -DCMAKE_INSTALL_PREFIX=/home/rajitha-niroshan/FYP/Repos/rl-aerial-manipulator/Manipulator/install/manipulator_description
[0.055s] -- The C compiler identification is GNU 13.3.0
[0.098s] -- The CXX compiler identification is GNU 13.3.0
[0.111s] -- Detecting C compiler ABI info
[0.176s] -- Detecting C compiler ABI info - done
[0.183s] -- Check for working C compiler: /usr/bin/cc - skipped
[0.183s] -- Detecting C compile features
[0.184s] -- Detecting C compile features - done
[0.191s] -- Detecting CXX compiler ABI info
[0.271s] -- Detecting CXX compiler ABI info - done
[0.278s] -- Check for working CXX compiler: /usr/bin/c++ - skipped
[0.278s] -- Detecting CXX compile features
[0.278s] -- Detecting CXX compile features - done
[0.281s] -- Found ament_cmake: 2.5.4 (/opt/ros/jazzy/share/ament_cmake/cmake)
[0.388s] -- Found Python3: /usr/bin/python3 (found version "3.12.3") found components: Interpreter 
[0.499s] -- Found ament_lint_auto: 0.17.3 (/opt/ros/jazzy/share/ament_lint_auto/cmake)
[0.586s] -- Added test 'flake8' to check Python code syntax and style conventions
[0.586s] -- Configured 'flake8' exclude dirs and/or files: 
[0.587s] -- Added test 'lint_cmake' to check CMake code style
[0.587s] -- Added test 'pep257' to check Python code against some of the docstring style conventions in PEP 257
[0.588s] -- Added test 'xmllint' to check XML markup files
[0.590s] -- Configuring done (0.6s)
[0.592s] -- Generating done (0.0s)
[0.593s] -- Build files have been written to: /home/rajitha-niroshan/FYP/Repos/rl-aerial-manipulator/Manipulator/build/manipulator_description
[0.597s] Invoked command in '/home/rajitha-niroshan/FYP/Repos/rl-aerial-manipulator/Manipulator/build/manipulator_description' returned '0': CMAKE_PREFIX_PATH=${CMAKE_PREFIX_PATH}:/opt/ros/jazzy DEBUGINFOD_URLS=https://debuginfod.ubuntu.com /usr/bin/cmake /home/rajitha-niroshan/FYP/Repos/rl-aerial-manipulator/Manipulator/src/manipulator_description -DCMAKE_INSTALL_PREFIX=/home/rajitha-niroshan/FYP/Repos/rl-aerial-manipulator/Manipulator/install/manipulator_description
[0.598s] Invoking command in '/home/rajitha-niroshan/FYP/Repos/rl-aerial-manipulator/Manipulator/build/manipulator_description': CMAKE_PREFIX_PATH=${CMAKE_PREFIX_PATH}:/opt/ros/jazzy DEBUGINFOD_URLS=https://debuginfod.ubuntu.com /usr/bin/cmake --build /home/rajitha-niroshan/FYP/Repos/rl-aerial-manipulator/Manipulator/build/manipulator_description -- -j8 -l8
[0.629s] Invoked command in '/home/rajitha-niroshan/FYP/Repos/rl-aerial-manipulator/Manipulator/build/manipulator_description' returned '0': CMAKE_PREFIX_PATH=${CMAKE_PREFIX_PATH}:/opt/ros/jazzy DEBUGINFOD_URLS=https://debuginfod.ubuntu.com /usr/bin/cmake --build /home/rajitha-niroshan/FYP/Repos/rl-aerial-manipulator/Manipulator/build/manipulator_description -- -j8 -l8
[0.639s] Invoking command in '/home/rajitha-niroshan/FYP/Repos/rl-aerial-manipulator/Manipulator/build/manipulator_description': CMAKE_PREFIX_PATH=${CMAKE_PREFIX_PATH}:/opt/ros/jazzy DEBUGINFOD_URLS=https://debuginfod.ubuntu.com /usr/bin/cmake --install /home/rajitha-niroshan/FYP/Repos/rl-aerial-manipulator/Manipulator/build/manipulator_description
[0.646s] -- Install configuration: ""
[0.646s] -- Installing: /home/rajitha-niroshan/FYP/Repos/rl-aerial-manipulator/Manipulator/install/manipulator_description/share/manipulator_description/urdf
[0.646s] -- Installing: /home/rajitha-niroshan/FYP/Repos/rl-aerial-manipulator/Manipulator/install/manipulator_description/share/manipulator_description/urdf/manipulator.urdf.xacro
[0.646s] -- Installing: /home/rajitha-niroshan/FYP/Repos/rl-aerial-manipulator/Manipulator/install/manipulator_description/share/manipulator_description/launch
[0.646s] -- Installing: /home/rajitha-niroshan/FYP/Repos/rl-aerial-manipulator/Manipulator/install/manipulator_description/share/manipulator_description/launch/gazebo.launch.py
[0.646s] -- Installing: /home/rajitha-niroshan/FYP/Repos/rl-aerial-manipulator/Manipulator/install/manipulator_description/share/manipulator_description/launch/display.launch.py
[0.647s] -- Installing: /home/rajitha-niroshan/FYP/Repos/rl-aerial-manipulator/Manipulator/install/manipulator_description/share/manipulator_description/rviz
[0.647s] -- Installing: /home/rajitha-niroshan/FYP/Repos/rl-aerial-manipulator/Manipulator/install/manipulator_description/share/manipulator_description/rviz/display.rviz
[0.647s] -- Installing: /home/rajitha-niroshan/FYP/Repos/rl-aerial-manipulator/Manipulator/install/manipulator_description/share/ament_index/resource_index/package_run_dependencies/manipulator_description
[0.647s] -- Installing: /home/rajitha-niroshan/FYP/Repos/rl-aerial-manipulator/Manipulator/install/manipulator_description/share/ament_index/resource_index/parent_prefix_path/manipulator_description
[0.647s] -- Installing: /home/rajitha-niroshan/FYP/Repos/rl-aerial-manipulator/Manipulator/install/manipulator_description/share/manipulator_description/environment/ament_prefix_path.sh
[0.647s] -- Installing: /home/rajitha-niroshan/FYP/Repos/rl-aerial-manipulator/Manipulator/install/manipulator_description/share/manipulator_description/environment/ament_prefix_path.dsv
[0.647s] -- Installing: /home/rajitha-niroshan/FYP/Repos/rl-aerial-manipulator/Manipulator/install/manipulator_description/share/manipulator_description/environment/path.sh
[0.647s] -- Installing: /home/rajitha-niroshan/FYP/Repos/rl-aerial-manipulator/Manipulator/install/manipulator_description/share/manipulator_description/environment/path.dsv
[0.647s] -- Installing: /home/rajitha-niroshan/FYP/Repos/rl-aerial-manipulator/Manipulator/install/manipulator_description/share/manipulator_description/local_setup.bash
[0.647s] -- Installing: /home/rajitha-niroshan/FYP/Repos/rl-aerial-manipulator/Manipulator/install/manipulator_description/share/manipulator_description/local_setup.sh
[0.647s] -- Installing: /home/rajitha-niroshan/FYP/Repos/rl-aerial-manipulator/Manipulator/install/manipulator_description/share/manipulator_description/local_setup.zsh
[0.647s] -- Installing: /home/rajitha-niroshan/FYP/Repos/rl-aerial-manipulator/Manipulator/install/manipulator_description/share/manipulator_description/local_setup.dsv
[0.648s] -- Installing: /home/rajitha-niroshan/FYP/Repos/rl-aerial-manipulator/Manipulator/install/manipulator_description/share/manipulator_description/package.dsv
[0.648s] -- Installing: /home/rajitha-niroshan/FYP/Repos/rl-aerial-manipulator/Manipulator/install/manipulator_description/share/ament_index/resource_index/packages/manipulator_description
[0.648s] -- Installing: /home/rajitha-niroshan/FYP/Repos/rl-aerial-manipulator/Manipulator/install/manipulator_description/share/manipulator_description/cmake/manipulator_descriptionConfig.cmake
[0.648s] -- Installing: /home/rajitha-niroshan/FYP/Repos/rl-aerial-manipulator/Manipulator/install/manipulator_description/share/manipulator_description/cmake/manipulator_descriptionConfig-version.cmake
[0.648s] -- Installing: /home/rajitha-niroshan/FYP/Repos/rl-aerial-manipulator/Manipulator/install/manipulator_description/share/manipulator_description/package.xml
[0.649s] Invoked command in '/home/rajitha-niroshan/FYP/Repos/rl-aerial-manipulator/Manipulator/build/manipulator_description' returned '0': CMAKE_PREFIX_PATH=${CMAKE_PREFIX_PATH}:/opt/ros/jazzy DEBUGINFOD_URLS=https://debuginfod.ubuntu.com /usr/bin/cmake --install /home/rajitha-niroshan/FYP/Repos/rl-aerial-manipulator/Manipulator/build/manipulator_description
