[0.013s] Invoking command in '/home/rajitha-niroshan/FYP/Repos/rl-aerial-manipulator/Manipulator/build/manipulator_description': CMAKE_PREFIX_PATH=${CMAKE_PREFIX_PATH}:/opt/ros/jazzy DEBUGINFOD_URLS=https://debuginfod.ubuntu.com /usr/bin/cmake /home/rajitha-niroshan/FYP/Repos/rl-aerial-manipulator/Manipulator/src/manipulator_description -DCMAKE_INSTALL_PREFIX=/home/rajitha-niroshan/FYP/Repos/rl-aerial-manipulator/Manipulator/install/manipulator_description
[0.122s] -- The C compiler identification is GNU 13.3.0
[0.209s] -- The CXX compiler identification is GNU 13.3.0
[0.227s] -- Detecting C compiler ABI info
[0.311s] -- Detecting C compiler ABI info - done
[0.318s] -- Check for working C compiler: /usr/bin/cc - skipped
[0.318s] -- Detecting C compile features
[0.319s] -- Detecting C compile features - done
[0.327s] -- Detecting CXX compiler ABI info
[0.409s] -- Detecting CXX compiler ABI info - done
[0.416s] -- Check for working CXX compiler: /usr/bin/c++ - skipped
[0.416s] -- Detecting CXX compile features
[0.417s] -- Detecting CXX compile features - done
[0.426s] -- Found ament_cmake: 2.5.4 (/opt/ros/jazzy/share/ament_cmake/cmake)
[0.561s] -- Found Python3: /usr/bin/python3 (found version "3.12.3") found components: Interpreter 
[0.679s] -- Found ament_lint_auto: 0.17.3 (/opt/ros/jazzy/share/ament_lint_auto/cmake)
[0.794s] -- Added test 'lint_cmake' to check CMake code style
[0.795s] -- Added test 'xmllint' to check XML markup files
[0.797s] -- Configuring done (0.8s)
[0.800s] -- Generating done (0.0s)
[0.801s] -- Build files have been written to: /home/rajitha-niroshan/FYP/Repos/rl-aerial-manipulator/Manipulator/build/manipulator_description
[0.805s] Invoked command in '/home/rajitha-niroshan/FYP/Repos/rl-aerial-manipulator/Manipulator/build/manipulator_description' returned '0': CMAKE_PREFIX_PATH=${CMAKE_PREFIX_PATH}:/opt/ros/jazzy DEBUGINFOD_URLS=https://debuginfod.ubuntu.com /usr/bin/cmake /home/rajitha-niroshan/FYP/Repos/rl-aerial-manipulator/Manipulator/src/manipulator_description -DCMAKE_INSTALL_PREFIX=/home/rajitha-niroshan/FYP/Repos/rl-aerial-manipulator/Manipulator/install/manipulator_description
[0.806s] Invoking command in '/home/rajitha-niroshan/FYP/Repos/rl-aerial-manipulator/Manipulator/build/manipulator_description': CMAKE_PREFIX_PATH=${CMAKE_PREFIX_PATH}:/opt/ros/jazzy DEBUGINFOD_URLS=https://debuginfod.ubuntu.com /usr/bin/cmake --build /home/rajitha-niroshan/FYP/Repos/rl-aerial-manipulator/Manipulator/build/manipulator_description -- -j8 -l8
[0.841s] Invoked command in '/home/rajitha-niroshan/FYP/Repos/rl-aerial-manipulator/Manipulator/build/manipulator_description' returned '0': CMAKE_PREFIX_PATH=${CMAKE_PREFIX_PATH}:/opt/ros/jazzy DEBUGINFOD_URLS=https://debuginfod.ubuntu.com /usr/bin/cmake --build /home/rajitha-niroshan/FYP/Repos/rl-aerial-manipulator/Manipulator/build/manipulator_description -- -j8 -l8
[0.851s] Invoking command in '/home/rajitha-niroshan/FYP/Repos/rl-aerial-manipulator/Manipulator/build/manipulator_description': CMAKE_PREFIX_PATH=${CMAKE_PREFIX_PATH}:/opt/ros/jazzy DEBUGINFOD_URLS=https://debuginfod.ubuntu.com /usr/bin/cmake --install /home/rajitha-niroshan/FYP/Repos/rl-aerial-manipulator/Manipulator/build/manipulator_description
[0.858s] -- Install configuration: ""
[0.858s] -- Installing: /home/rajitha-niroshan/FYP/Repos/rl-aerial-manipulator/Manipulator/install/manipulator_description/share/ament_index/resource_index/package_run_dependencies/manipulator_description
[0.858s] -- Installing: /home/rajitha-niroshan/FYP/Repos/rl-aerial-manipulator/Manipulator/install/manipulator_description/share/ament_index/resource_index/parent_prefix_path/manipulator_description
[0.858s] -- Installing: /home/rajitha-niroshan/FYP/Repos/rl-aerial-manipulator/Manipulator/install/manipulator_description/share/manipulator_description/environment/ament_prefix_path.sh
[0.858s] -- Installing: /home/rajitha-niroshan/FYP/Repos/rl-aerial-manipulator/Manipulator/install/manipulator_description/share/manipulator_description/environment/ament_prefix_path.dsv
[0.858s] -- Installing: /home/rajitha-niroshan/FYP/Repos/rl-aerial-manipulator/Manipulator/install/manipulator_description/share/manipulator_description/environment/path.sh
[0.858s] -- Installing: /home/rajitha-niroshan/FYP/Repos/rl-aerial-manipulator/Manipulator/install/manipulator_description/share/manipulator_description/environment/path.dsv
[0.858s] -- Installing: /home/rajitha-niroshan/FYP/Repos/rl-aerial-manipulator/Manipulator/install/manipulator_description/share/manipulator_description/local_setup.bash
[0.858s] -- Installing: /home/rajitha-niroshan/FYP/Repos/rl-aerial-manipulator/Manipulator/install/manipulator_description/share/manipulator_description/local_setup.sh
[0.858s] -- Installing: /home/rajitha-niroshan/FYP/Repos/rl-aerial-manipulator/Manipulator/install/manipulator_description/share/manipulator_description/local_setup.zsh
[0.858s] -- Installing: /home/rajitha-niroshan/FYP/Repos/rl-aerial-manipulator/Manipulator/install/manipulator_description/share/manipulator_description/local_setup.dsv
[0.858s] -- Installing: /home/rajitha-niroshan/FYP/Repos/rl-aerial-manipulator/Manipulator/install/manipulator_description/share/manipulator_description/package.dsv
[0.858s] -- Installing: /home/rajitha-niroshan/FYP/Repos/rl-aerial-manipulator/Manipulator/install/manipulator_description/share/ament_index/resource_index/packages/manipulator_description
[0.859s] -- Installing: /home/rajitha-niroshan/FYP/Repos/rl-aerial-manipulator/Manipulator/install/manipulator_description/share/manipulator_description/cmake/manipulator_descriptionConfig.cmake
[0.859s] -- Installing: /home/rajitha-niroshan/FYP/Repos/rl-aerial-manipulator/Manipulator/install/manipulator_description/share/manipulator_description/cmake/manipulator_descriptionConfig-version.cmake
[0.859s] -- Installing: /home/rajitha-niroshan/FYP/Repos/rl-aerial-manipulator/Manipulator/install/manipulator_description/share/manipulator_description/package.xml
[0.860s] Invoked command in '/home/rajitha-niroshan/FYP/Repos/rl-aerial-manipulator/Manipulator/build/manipulator_description' returned '0': CMAKE_PREFIX_PATH=${CMAKE_PREFIX_PATH}:/opt/ros/jazzy DEBUGINFOD_URLS=https://debuginfod.ubuntu.com /usr/bin/cmake --install /home/rajitha-niroshan/FYP/Repos/rl-aerial-manipulator/Manipulator/build/manipulator_description
